2021-05-22 01:50:23.982573: I tensorflow/stream_executor/platform/default/dso_loader.cc:49] Successfully opened dynamic library libcudart.so.10.1
2021-05-22 01:50:31.187527: I tensorflow/compiler/jit/xla_cpu_device.cc:41] Not creating XLA devices, tf_xla_enable_xla_devices not set
2021-05-22 01:50:31.189352: I tensorflow/stream_executor/platform/default/dso_loader.cc:49] Successfully opened dynamic library libcuda.so.1
2021-05-22 01:50:31.249045: I tensorflow/core/common_runtime/gpu/gpu_device.cc:1720] Found device 0 with properties: 
pciBusID: 0000:04:00.0 name: Tesla K40c computeCapability: 3.5
coreClock: 0.745GHz coreCount: 15 deviceMemorySize: 11.92GiB deviceMemoryBandwidth: 268.58GiB/s
2021-05-22 01:50:31.250306: I tensorflow/core/common_runtime/gpu/gpu_device.cc:1720] Found device 1 with properties: 
pciBusID: 0000:82:00.0 name: Tesla K40c computeCapability: 3.5
coreClock: 0.745GHz coreCount: 15 deviceMemorySize: 11.92GiB deviceMemoryBandwidth: 268.58GiB/s
2021-05-22 01:50:31.250360: I tensorflow/stream_executor/platform/default/dso_loader.cc:49] Successfully opened dynamic library libcudart.so.10.1
2021-05-22 01:50:31.256785: I tensorflow/stream_executor/platform/default/dso_loader.cc:49] Successfully opened dynamic library libcublas.so.10
2021-05-22 01:50:31.256869: I tensorflow/stream_executor/platform/default/dso_loader.cc:49] Successfully opened dynamic library libcublasLt.so.10
2021-05-22 01:50:31.261060: I tensorflow/stream_executor/platform/default/dso_loader.cc:49] Successfully opened dynamic library libcufft.so.10
2021-05-22 01:50:31.262996: I tensorflow/stream_executor/platform/default/dso_loader.cc:49] Successfully opened dynamic library libcurand.so.10
2021-05-22 01:50:31.267325: I tensorflow/stream_executor/platform/default/dso_loader.cc:49] Successfully opened dynamic library libcusolver.so.10
2021-05-22 01:50:31.269828: I tensorflow/stream_executor/platform/default/dso_loader.cc:49] Successfully opened dynamic library libcusparse.so.10
2021-05-22 01:50:31.277072: I tensorflow/stream_executor/platform/default/dso_loader.cc:49] Successfully opened dynamic library libcudnn.so.7
2021-05-22 01:50:31.281699: I tensorflow/core/common_runtime/gpu/gpu_device.cc:1862] Adding visible gpu devices: 0, 1
2021-05-22 01:50:31.282199: I tensorflow/core/platform/cpu_feature_guard.cc:142] This TensorFlow binary is optimized with oneAPI Deep Neural Network Library (oneDNN) to use the following CPU instructions in performance-critical operations:  SSE4.1 SSE4.2 AVX AVX2 FMA
To enable them in other operations, rebuild TensorFlow with the appropriate compiler flags.
2021-05-22 01:50:31.392690: I tensorflow/core/common_runtime/gpu/gpu_device.cc:1720] Found device 0 with properties: 
pciBusID: 0000:04:00.0 name: Tesla K40c computeCapability: 3.5
coreClock: 0.745GHz coreCount: 15 deviceMemorySize: 11.92GiB deviceMemoryBandwidth: 268.58GiB/s
2021-05-22 01:50:31.393502: I tensorflow/core/common_runtime/gpu/gpu_device.cc:1720] Found device 1 with properties: 
pciBusID: 0000:82:00.0 name: Tesla K40c computeCapability: 3.5
coreClock: 0.745GHz coreCount: 15 deviceMemorySize: 11.92GiB deviceMemoryBandwidth: 268.58GiB/s
2021-05-22 01:50:31.393544: I tensorflow/stream_executor/platform/default/dso_loader.cc:49] Successfully opened dynamic library libcudart.so.10.1
2021-05-22 01:50:31.393585: I tensorflow/stream_executor/platform/default/dso_loader.cc:49] Successfully opened dynamic library libcublas.so.10
2021-05-22 01:50:31.393613: I tensorflow/stream_executor/platform/default/dso_loader.cc:49] Successfully opened dynamic library libcublasLt.so.10
2021-05-22 01:50:31.393639: I tensorflow/stream_executor/platform/default/dso_loader.cc:49] Successfully opened dynamic library libcufft.so.10
2021-05-22 01:50:31.393665: I tensorflow/stream_executor/platform/default/dso_loader.cc:49] Successfully opened dynamic library libcurand.so.10
2021-05-22 01:50:31.393691: I tensorflow/stream_executor/platform/default/dso_loader.cc:49] Successfully opened dynamic library libcusolver.so.10
2021-05-22 01:50:31.393718: I tensorflow/stream_executor/platform/default/dso_loader.cc:49] Successfully opened dynamic library libcusparse.so.10
2021-05-22 01:50:31.393762: I tensorflow/stream_executor/platform/default/dso_loader.cc:49] Successfully opened dynamic library libcudnn.so.7
2021-05-22 01:50:31.396641: I tensorflow/core/common_runtime/gpu/gpu_device.cc:1862] Adding visible gpu devices: 0, 1
2021-05-22 01:50:31.396689: I tensorflow/stream_executor/platform/default/dso_loader.cc:49] Successfully opened dynamic library libcudart.so.10.1
2021-05-22 01:50:32.315289: I tensorflow/core/common_runtime/gpu/gpu_device.cc:1261] Device interconnect StreamExecutor with strength 1 edge matrix:
2021-05-22 01:50:32.315393: I tensorflow/core/common_runtime/gpu/gpu_device.cc:1267]      0 1 
2021-05-22 01:50:32.315425: I tensorflow/core/common_runtime/gpu/gpu_device.cc:1280] 0:   N N 
2021-05-22 01:50:32.315442: I tensorflow/core/common_runtime/gpu/gpu_device.cc:1280] 1:   N N 
2021-05-22 01:50:32.318890: I tensorflow/core/common_runtime/gpu/gpu_device.cc:1406] Created TensorFlow device (/job:localhost/replica:0/task:0/device:GPU:0 with 11328 MB memory) -> physical GPU (device: 0, name: Tesla K40c, pci bus id: 0000:04:00.0, compute capability: 3.5)
2021-05-22 01:50:32.320789: I tensorflow/core/common_runtime/gpu/gpu_device.cc:1406] Created TensorFlow device (/job:localhost/replica:0/task:0/device:GPU:1 with 11328 MB memory) -> physical GPU (device: 1, name: Tesla K40c, pci bus id: 0000:82:00.0, compute capability: 3.5)
2021-05-22 01:50:32.321415: I tensorflow/compiler/jit/xla_gpu_device.cc:99] Not creating XLA devices, tf_xla_enable_xla_devices not set
WARNING:tensorflow:No training configuration found in the save file, so the model was *not* compiled. Compile it manually.
2021-05-22 01:50:32.756037: I tensorflow/compiler/mlir/mlir_graph_optimization_pass.cc:116] None of the MLIR optimization passes are enabled (registered 2)
2021-05-22 01:50:32.756635: I tensorflow/core/platform/profile_utils/cpu_utils.cc:112] CPU Frequency: 2099860000 Hz
2021-05-22 01:50:32.879296: I tensorflow/stream_executor/platform/default/dso_loader.cc:49] Successfully opened dynamic library libcublas.so.10
2021-05-22 01:50:33.030479: I tensorflow/stream_executor/platform/default/dso_loader.cc:49] Successfully opened dynamic library libcudnn.so.7
2021-05-22 01:50:33.594298: W tensorflow/stream_executor/gpu/asm_compiler.cc:63] Running ptxas --version returned 256
2021-05-22 01:50:33.627104: W tensorflow/stream_executor/gpu/redzone_allocator.cc:314] Internal: ptxas exited with non-zero error code 256, output: 
Relying on driver to perform ptx compilation. 
Modify $PATH to customize ptxas location.
This message will be only logged once.
Traceback (most recent call last):
  File "generate_images.py", line 83, in <module>
    images1 = scale_images(images1, (299,299,3))
  File "/scratch/jamesang/proj_files/cifar_dcgan5/cifar_lib.py", line 256, in scale_images
    return asarray(images_list)
  File "/scratch/jamesang/con_env/lib/python3.8/site-packages/numpy/core/_asarray.py", line 83, in asarray
    return array(a, dtype, copy=False, order=order)
MemoryError: Unable to allocate 50.0 GiB for an array with shape (50000, 299, 299, 3) and data type float32
