2021-05-22 00:48:38.131493: I tensorflow/stream_executor/platform/default/dso_loader.cc:49] Successfully opened dynamic library libcudart.so.10.1
2021-05-22 00:48:49.652773: I tensorflow/compiler/jit/xla_cpu_device.cc:41] Not creating XLA devices, tf_xla_enable_xla_devices not set
2021-05-22 00:48:49.691251: I tensorflow/stream_executor/platform/default/dso_loader.cc:49] Successfully opened dynamic library libcuda.so.1
2021-05-22 00:48:49.823741: I tensorflow/core/common_runtime/gpu/gpu_device.cc:1720] Found device 0 with properties: 
pciBusID: 0000:04:00.0 name: Tesla K40c computeCapability: 3.5
coreClock: 0.745GHz coreCount: 15 deviceMemorySize: 11.92GiB deviceMemoryBandwidth: 268.58GiB/s
2021-05-22 00:48:49.825148: I tensorflow/core/common_runtime/gpu/gpu_device.cc:1720] Found device 1 with properties: 
pciBusID: 0000:82:00.0 name: Tesla K40c computeCapability: 3.5
coreClock: 0.745GHz coreCount: 15 deviceMemorySize: 11.92GiB deviceMemoryBandwidth: 268.58GiB/s
2021-05-22 00:48:49.825208: I tensorflow/stream_executor/platform/default/dso_loader.cc:49] Successfully opened dynamic library libcudart.so.10.1
2021-05-22 00:48:51.303111: I tensorflow/stream_executor/platform/default/dso_loader.cc:49] Successfully opened dynamic library libcublas.so.10
2021-05-22 00:48:51.303293: I tensorflow/stream_executor/platform/default/dso_loader.cc:49] Successfully opened dynamic library libcublasLt.so.10
2021-05-22 00:48:52.690986: I tensorflow/stream_executor/platform/default/dso_loader.cc:49] Successfully opened dynamic library libcufft.so.10
2021-05-22 00:48:53.259105: I tensorflow/stream_executor/platform/default/dso_loader.cc:49] Successfully opened dynamic library libcurand.so.10
2021-05-22 00:48:54.700916: I tensorflow/stream_executor/platform/default/dso_loader.cc:49] Successfully opened dynamic library libcusolver.so.10
2021-05-22 00:48:54.933408: I tensorflow/stream_executor/platform/default/dso_loader.cc:49] Successfully opened dynamic library libcusparse.so.10
2021-05-22 00:48:56.465023: I tensorflow/stream_executor/platform/default/dso_loader.cc:49] Successfully opened dynamic library libcudnn.so.7
2021-05-22 00:48:56.470936: I tensorflow/core/common_runtime/gpu/gpu_device.cc:1862] Adding visible gpu devices: 0, 1
2021-05-22 00:48:56.471496: I tensorflow/core/platform/cpu_feature_guard.cc:142] This TensorFlow binary is optimized with oneAPI Deep Neural Network Library (oneDNN) to use the following CPU instructions in performance-critical operations:  SSE4.1 SSE4.2 AVX AVX2 FMA
To enable them in other operations, rebuild TensorFlow with the appropriate compiler flags.
2021-05-22 00:48:56.619496: I tensorflow/core/common_runtime/gpu/gpu_device.cc:1720] Found device 0 with properties: 
pciBusID: 0000:04:00.0 name: Tesla K40c computeCapability: 3.5
coreClock: 0.745GHz coreCount: 15 deviceMemorySize: 11.92GiB deviceMemoryBandwidth: 268.58GiB/s
2021-05-22 00:48:56.620497: I tensorflow/core/common_runtime/gpu/gpu_device.cc:1720] Found device 1 with properties: 
pciBusID: 0000:82:00.0 name: Tesla K40c computeCapability: 3.5
coreClock: 0.745GHz coreCount: 15 deviceMemorySize: 11.92GiB deviceMemoryBandwidth: 268.58GiB/s
2021-05-22 00:48:56.620545: I tensorflow/stream_executor/platform/default/dso_loader.cc:49] Successfully opened dynamic library libcudart.so.10.1
2021-05-22 00:48:56.620590: I tensorflow/stream_executor/platform/default/dso_loader.cc:49] Successfully opened dynamic library libcublas.so.10
2021-05-22 00:48:56.620623: I tensorflow/stream_executor/platform/default/dso_loader.cc:49] Successfully opened dynamic library libcublasLt.so.10
2021-05-22 00:48:56.620654: I tensorflow/stream_executor/platform/default/dso_loader.cc:49] Successfully opened dynamic library libcufft.so.10
2021-05-22 00:48:56.620685: I tensorflow/stream_executor/platform/default/dso_loader.cc:49] Successfully opened dynamic library libcurand.so.10
2021-05-22 00:48:56.620717: I tensorflow/stream_executor/platform/default/dso_loader.cc:49] Successfully opened dynamic library libcusolver.so.10
2021-05-22 00:48:56.620747: I tensorflow/stream_executor/platform/default/dso_loader.cc:49] Successfully opened dynamic library libcusparse.so.10
2021-05-22 00:48:56.620796: I tensorflow/stream_executor/platform/default/dso_loader.cc:49] Successfully opened dynamic library libcudnn.so.7
2021-05-22 00:48:56.624463: I tensorflow/core/common_runtime/gpu/gpu_device.cc:1862] Adding visible gpu devices: 0, 1
2021-05-22 00:48:56.624522: I tensorflow/stream_executor/platform/default/dso_loader.cc:49] Successfully opened dynamic library libcudart.so.10.1
2021-05-22 00:49:00.677837: I tensorflow/core/common_runtime/gpu/gpu_device.cc:1261] Device interconnect StreamExecutor with strength 1 edge matrix:
2021-05-22 00:49:00.677956: I tensorflow/core/common_runtime/gpu/gpu_device.cc:1267]      0 1 
2021-05-22 00:49:00.678829: I tensorflow/core/common_runtime/gpu/gpu_device.cc:1280] 0:   N N 
2021-05-22 00:49:00.678922: I tensorflow/core/common_runtime/gpu/gpu_device.cc:1280] 1:   N N 
2021-05-22 00:49:00.693518: I tensorflow/core/common_runtime/gpu/gpu_device.cc:1406] Created TensorFlow device (/job:localhost/replica:0/task:0/device:GPU:0 with 11328 MB memory) -> physical GPU (device: 0, name: Tesla K40c, pci bus id: 0000:04:00.0, compute capability: 3.5)
2021-05-22 00:49:00.698962: I tensorflow/core/common_runtime/gpu/gpu_device.cc:1406] Created TensorFlow device (/job:localhost/replica:0/task:0/device:GPU:1 with 11328 MB memory) -> physical GPU (device: 1, name: Tesla K40c, pci bus id: 0000:82:00.0, compute capability: 3.5)
2021-05-22 00:49:00.699166: I tensorflow/compiler/jit/xla_gpu_device.cc:99] Not creating XLA devices, tf_xla_enable_xla_devices not set
WARNING:tensorflow:No training configuration found in the save file, so the model was *not* compiled. Compile it manually.
2021-05-22 00:49:01.888216: I tensorflow/compiler/mlir/mlir_graph_optimization_pass.cc:116] None of the MLIR optimization passes are enabled (registered 2)
2021-05-22 00:49:01.908500: I tensorflow/core/platform/profile_utils/cpu_utils.cc:112] CPU Frequency: 2099860000 Hz
2021-05-22 00:49:02.361525: I tensorflow/stream_executor/platform/default/dso_loader.cc:49] Successfully opened dynamic library libcublas.so.10
2021-05-22 00:49:03.116496: I tensorflow/stream_executor/platform/default/dso_loader.cc:49] Successfully opened dynamic library libcudnn.so.7
2021-05-22 00:49:05.660533: W tensorflow/stream_executor/gpu/asm_compiler.cc:63] Running ptxas --version returned 256
2021-05-22 00:49:05.686985: W tensorflow/stream_executor/gpu/redzone_allocator.cc:314] Internal: ptxas exited with non-zero error code 256, output: 
Relying on driver to perform ptx compilation. 
Modify $PATH to customize ptxas location.
This message will be only logged once.
